c:\users\j\source\repos\백준\백준\debug\vc142.pdb
c:\users\j\source\repos\백준\백준\debug\vc142.idb
c:\users\j\source\repos\백준\백준\debug\6603.obj
c:\users\j\source\repos\백준\백준\debug\1261.obj
c:\users\j\source\repos\백준\백준\debug\2251.obj
c:\users\j\source\repos\백준\백준\debug\2632.obj
c:\users\j\source\repos\백준\백준\debug\1987.obj
c:\users\j\source\repos\백준\백준\debug\15595.obj
c:\users\j\source\repos\백준\백준\debug\1644.obj
c:\users\j\source\repos\백준\백준\debug\2580.obj
c:\users\j\source\repos\백준\백준\debug\1107.obj
c:\users\j\source\repos\백준\백준\debug\1697.obj
c:\users\j\source\repos\백준\백준\debug\1963.obj
c:\users\j\source\repos\백준\백준\debug\9019.obj
c:\users\j\source\repos\백준\백준\debug\1759.obj
c:\users\j\source\repos\백준\백준\debug\1806.obj
c:\users\j\source\repos\백준\백준\debug\easy.obj
c:\users\j\source\repos\백준\백준\debug\2309.obj
c:\users\j\source\repos\백준\백준\debug\3085.obj
c:\users\j\source\repos\백준\백준\debug\6064.obj
c:\users\j\source\repos\백준\백준\debug\15649.obj
c:\users\j\source\repos\백준\백준\debug\15650.obj
c:\users\j\source\repos\백준\백준\debug\15651.obj
c:\users\j\source\repos\백준\백준\debug\15652.obj
c:\users\j\source\repos\백준\백준\debug\18290.obj
c:\users\j\source\repos\백준\백준\debug\9095.obj
c:\users\j\source\repos\백준\백준\debug\1759(2).obj
c:\users\j\source\repos\백준\백준\debug\14501.obj
c:\users\j\source\repos\백준\백준\debug\14889.obj
c:\users\j\source\repos\백준\백준\debug\15661.obj
c:\users\j\source\repos\백준\백준\debug\2529.obj
c:\users\j\source\repos\백준\백준\debug\1248.obj
c:\users\j\source\repos\백준\백준\debug\10972.obj
c:\users\j\source\repos\백준\백준\debug\10971.obj
c:\users\j\source\repos\백준\백준\debug\1463.obj
c:\users\j\source\repos\백준\백준\debug\11726.obj
c:\users\j\source\repos\백준\백준\debug\9095(2).obj
c:\users\j\source\repos\백준\백준\debug\16194.obj
c:\users\j\source\repos\백준\백준\debug\15990.obj
c:\users\j\source\repos\백준\백준\debug\11053.obj
c:\users\j\source\repos\백준\백준\debug\14002.obj
c:\users\j\source\repos\백준\백준\debug\1912.obj
c:\users\j\source\repos\백준\백준\debug\1699.obj
c:\users\j\source\repos\백준\백준\debug\15988.obj
c:\users\j\source\repos\백준\백준\debug\1149.obj
c:\users\j\source\repos\백준\백준\debug\1309.obj
c:\users\j\source\repos\백준\백준\debug\11057.obj
c:\users\j\source\repos\백준\백준\debug\658.obj
c:\users\j\source\repos\백준\백준\debug\1932.obj
c:\users\j\source\repos\백준\백준\debug\11055.obj
c:\users\j\source\repos\백준\백준\debug\11722.obj
c:\users\j\source\repos\백준\백준\debug\13398.obj
c:\users\j\source\repos\백준\백준\debug\10845.obj
c:\users\j\source\repos\백준\백준\debug\13023.obj
c:\users\j\source\repos\백준\백준\debug\1260.obj
c:\users\j\source\repos\백준\백준\debug\11724(2).obj
c:\users\j\source\repos\백준\백준\debug\2667(2).obj
c:\users\j\source\repos\백준\백준\debug\2178(2).obj
c:\users\j\source\repos\백준\백준\debug\7576(2).obj
c:\users\j\source\repos\백준\백준\debug\7562.obj
c:\users\j\source\repos\백준\백준\debug\1697(2).obj
c:\users\j\source\repos\백준\백준\debug\13913.obj
c:\users\j\source\repos\백준\백준\debug\16935.obj
c:\users\j\source\repos\백준\백준\debug\16926.obj
c:\users\j\source\repos\백준\백준\debug\14499.obj
c:\users\j\source\repos\백준\백준\debug\15662.obj
c:\users\j\source\repos\백준\백준\debug\14503.obj
c:\users\j\source\repos\백준\백준\debug\2193.obj
c:\users\j\source\repos\백준\백준\debug\9465.obj
c:\users\j\source\repos\백준\백준\debug\2579.obj
c:\users\j\source\repos\백준\백준\debug\6603(2).obj
c:\users\j\source\repos\백준\백준\debug\1182(2).obj
c:\users\j\source\repos\백준\백준\debug\14225.obj
c:\users\j\source\repos\백준\백준\debug\14888.obj
c:\users\j\source\repos\백준\백준\debug\14500(2).obj
c:\users\j\source\repos\백준\백준\debug\9461.obj
c:\users\j\source\repos\백준\백준\debug\2011.obj
c:\users\j\source\repos\백준\백준\debug\16197.obj
c:\users\j\source\repos\백준\백준\debug\16198.obj
c:\users\j\source\repos\백준\백준\debug\2529(2).obj
c:\users\j\source\repos\백준\백준\debug\1339.obj
c:\users\j\source\repos\백준\백준\debug\14888(2).obj
c:\users\j\source\repos\백준\백준\debug\1489(2).obj
c:\users\j\source\repos\백준\백준\debug\1208.obj
c:\users\j\source\repos\백준\백준\debug\16947.obj
c:\users\j\source\repos\백준\백준\debug\16928.obj
c:\users\j\source\repos\백준\백준\debug\12886.obj
c:\users\j\source\repos\백준\백준\debug\16948.obj
c:\users\j\source\repos\백준\백준\debug\14502.obj
c:\users\j\source\repos\백준\백준\debug\2206.obj
c:\users\j\source\repos\백준\백준\debug\16946.obj
c:\users\j\source\repos\백준\백준\debug\14442.obj
c:\users\j\source\repos\백준\백준\debug\6087.obj
c:\users\j\source\repos\백준\백준\debug\1963(2).obj
c:\users\j\source\repos\백준\백준\debug\10026.obj
c:\users\j\source\repos\백준\debug\백준.exe
c:\users\j\source\repos\백준\debug\백준.ilk
c:\users\j\source\repos\백준\debug\백준.pdb
c:\users\j\source\repos\백준\백준\debug\10026.obj.enc
c:\users\j\source\repos\백준\백준\debug\1208.obj.enc
c:\users\j\source\repos\백준\백준\debug\6087.obj.enc
c:\users\j\source\repos\백준\백준\debug\백준.tlog\cl.command.1.tlog
c:\users\j\source\repos\백준\백준\debug\백준.tlog\cl.read.1.tlog
c:\users\j\source\repos\백준\백준\debug\백준.tlog\cl.write.1.tlog
c:\users\j\source\repos\백준\백준\debug\백준.tlog\link.command.1.tlog
c:\users\j\source\repos\백준\백준\debug\백준.tlog\link.read.1.tlog
c:\users\j\source\repos\백준\백준\debug\백준.tlog\link.write.1.tlog
